E, [2019-03-11T15:01:12.587819 #729] ERROR -- Kitchen: ------Exception-------
E, [2019-03-11T15:01:12.587931 #729] ERROR -- Kitchen: Class: Kitchen::UserError
E, [2019-03-11T15:01:12.587959 #729] ERROR -- Kitchen: Message: Kitchen YAML file /mnt/d/chef/cookbooks/chef-client/policies/.kitchen.yml does not exist.
E, [2019-03-11T15:01:12.587980 #729] ERROR -- Kitchen: ----------------------
E, [2019-03-11T15:01:12.588000 #729] ERROR -- Kitchen: ------Backtrace-------
E, [2019-03-11T15:01:12.588018 #729] ERROR -- Kitchen: /opt/chefdk/embedded/lib/ruby/gems/2.5.0/gems/test-kitchen-1.24.0/lib/kitchen/loader/yaml.rb:65:in `read'
E, [2019-03-11T15:01:12.588037 #729] ERROR -- Kitchen: /opt/chefdk/embedded/lib/ruby/gems/2.5.0/gems/test-kitchen-1.24.0/lib/kitchen/config.rb:152:in `data'
E, [2019-03-11T15:01:12.593882 #729] ERROR -- Kitchen: /opt/chefdk/embedded/lib/ruby/gems/2.5.0/gems/test-kitchen-1.24.0/lib/kitchen/config.rb:131:in `suites'
E, [2019-03-11T15:01:12.593958 #729] ERROR -- Kitchen: /opt/chefdk/embedded/lib/ruby/gems/2.5.0/gems/test-kitchen-1.24.0/lib/kitchen/config.rb:182:in `filter_instances'
E, [2019-03-11T15:01:12.593997 #729] ERROR -- Kitchen: /opt/chefdk/embedded/lib/ruby/gems/2.5.0/gems/test-kitchen-1.24.0/lib/kitchen/config.rb:141:in `build_instances'
E, [2019-03-11T15:01:12.594025 #729] ERROR -- Kitchen: /opt/chefdk/embedded/lib/ruby/gems/2.5.0/gems/test-kitchen-1.24.0/lib/kitchen/config.rb:117:in `instances'
E, [2019-03-11T15:01:12.594052 #729] ERROR -- Kitchen: /opt/chefdk/embedded/lib/ruby/gems/2.5.0/gems/test-kitchen-1.24.0/lib/kitchen/command.rb:112:in `filtered_instances'
E, [2019-03-11T15:01:12.594085 #729] ERROR -- Kitchen: /opt/chefdk/embedded/lib/ruby/gems/2.5.0/gems/test-kitchen-1.24.0/lib/kitchen/command.rb:142:in `parse_subcommand'
E, [2019-03-11T15:01:12.594124 #729] ERROR -- Kitchen: /opt/chefdk/embedded/lib/ruby/gems/2.5.0/gems/test-kitchen-1.24.0/lib/kitchen/command/list.rb:30:in `call'
E, [2019-03-11T15:01:12.594162 #729] ERROR -- Kitchen: /opt/chefdk/embedded/lib/ruby/gems/2.5.0/gems/test-kitchen-1.24.0/lib/kitchen/cli.rb:52:in `perform'
E, [2019-03-11T15:01:12.594197 #729] ERROR -- Kitchen: /opt/chefdk/embedded/lib/ruby/gems/2.5.0/gems/test-kitchen-1.24.0/lib/kitchen/cli.rb:120:in `list'
E, [2019-03-11T15:01:12.594234 #729] ERROR -- Kitchen: /opt/chefdk/embedded/lib/ruby/gems/2.5.0/gems/thor-0.20.3/lib/thor/command.rb:27:in `run'
E, [2019-03-11T15:01:12.594337 #729] ERROR -- Kitchen: /opt/chefdk/embedded/lib/ruby/gems/2.5.0/gems/thor-0.20.3/lib/thor/invocation.rb:126:in `invoke_command'
E, [2019-03-11T15:01:12.594373 #729] ERROR -- Kitchen: /opt/chefdk/embedded/lib/ruby/gems/2.5.0/gems/thor-0.20.3/lib/thor.rb:387:in `dispatch'
E, [2019-03-11T15:01:12.594399 #729] ERROR -- Kitchen: /opt/chefdk/embedded/lib/ruby/gems/2.5.0/gems/thor-0.20.3/lib/thor/base.rb:466:in `start'
E, [2019-03-11T15:01:12.594427 #729] ERROR -- Kitchen: /opt/chefdk/embedded/lib/ruby/gems/2.5.0/gems/test-kitchen-1.24.0/bin/kitchen:13:in `block in <top (required)>'
E, [2019-03-11T15:01:12.594453 #729] ERROR -- Kitchen: /opt/chefdk/embedded/lib/ruby/gems/2.5.0/gems/test-kitchen-1.24.0/lib/kitchen/errors.rb:171:in `with_friendly_errors'
E, [2019-03-11T15:01:12.594483 #729] ERROR -- Kitchen: /opt/chefdk/embedded/lib/ruby/gems/2.5.0/gems/test-kitchen-1.24.0/bin/kitchen:13:in `<top (required)>'
E, [2019-03-11T15:01:12.594520 #729] ERROR -- Kitchen: /usr/bin/kitchen:306:in `load'
E, [2019-03-11T15:01:12.594555 #729] ERROR -- Kitchen: /usr/bin/kitchen:306:in `<main>'
E, [2019-03-11T15:01:12.594589 #729] ERROR -- Kitchen: ----End Backtrace-----
