I, [2019-03-11T14:37:11.472051 #15744]  INFO -- default-ubuntu-1604: -----> Setting up <default-ubuntu-1604>...
I, [2019-03-11T14:37:11.474047 #15744]  INFO -- default-ubuntu-1604: Finished setting up <default-ubuntu-1604> (0m0.00s).
I, [2019-03-11T14:37:11.474679 #15744]  INFO -- default-ubuntu-1604: -----> Verifying <default-ubuntu-1604>...
I, [2019-03-11T14:37:19.195340 #15744]  INFO -- default-ubuntu-1604: Loaded linux-baseline 
E, [2019-03-11T14:37:50.695681 #15744] ERROR -- default-ubuntu-1604: Verify failed on instance <default-ubuntu-1604>.
E, [2019-03-11T14:37:50.695870 #15744] ERROR -- default-ubuntu-1604: ------Exception-------
E, [2019-03-11T14:37:50.695938 #15744] ERROR -- default-ubuntu-1604: Class: Kitchen::ActionFailed
E, [2019-03-11T14:37:50.695995 #15744] ERROR -- default-ubuntu-1604: Message: Inspec Runner returns 1
E, [2019-03-11T14:37:50.696063 #15744] ERROR -- default-ubuntu-1604: ----------------------
E, [2019-03-11T14:37:50.696138 #15744] ERROR -- default-ubuntu-1604: ------Backtrace-------
E, [2019-03-11T14:37:50.696249 #15744] ERROR -- default-ubuntu-1604: C:/opscode/chef-workstation/embedded/lib/ruby/gems/2.5.0/gems/kitchen-inspec-0.25.0/lib/kitchen/verifier/inspec.rb:98:in `call'
E, [2019-03-11T14:37:50.696331 #15744] ERROR -- default-ubuntu-1604: C:/opscode/chef-workstation/embedded/lib/ruby/gems/2.5.0/gems/test-kitchen-1.23.2/lib/kitchen/instance.rb:458:in `block in verify_action'
E, [2019-03-11T14:37:50.696405 #15744] ERROR -- default-ubuntu-1604: C:/opscode/chef-workstation/embedded/lib/ruby/gems/2.5.0/gems/test-kitchen-1.23.2/lib/kitchen/instance.rb:551:in `synchronize_or_call'
E, [2019-03-11T14:37:50.696470 #15744] ERROR -- default-ubuntu-1604: C:/opscode/chef-workstation/embedded/lib/ruby/gems/2.5.0/gems/test-kitchen-1.23.2/lib/kitchen/instance.rb:513:in `block in action'
E, [2019-03-11T14:37:50.696535 #15744] ERROR -- default-ubuntu-1604: C:/opscode/chef-workstation/embedded/lib/ruby/2.5.0/benchmark.rb:293:in `measure'
E, [2019-03-11T14:37:50.696598 #15744] ERROR -- default-ubuntu-1604: C:/opscode/chef-workstation/embedded/lib/ruby/gems/2.5.0/gems/test-kitchen-1.23.2/lib/kitchen/instance.rb:512:in `action'
E, [2019-03-11T14:37:50.696661 #15744] ERROR -- default-ubuntu-1604: C:/opscode/chef-workstation/embedded/lib/ruby/gems/2.5.0/gems/test-kitchen-1.23.2/lib/kitchen/instance.rb:450:in `verify_action'
E, [2019-03-11T14:37:50.696724 #15744] ERROR -- default-ubuntu-1604: C:/opscode/chef-workstation/embedded/lib/ruby/gems/2.5.0/gems/test-kitchen-1.23.2/lib/kitchen/instance.rb:382:in `block (2 levels) in transition_to'
E, [2019-03-11T14:37:50.696786 #15744] ERROR -- default-ubuntu-1604: C:/opscode/chef-workstation/embedded/lib/ruby/gems/2.5.0/gems/test-kitchen-1.23.2/lib/kitchen/lifecycle_hooks.rb:45:in `run_with_hooks'
E, [2019-03-11T14:37:50.696849 #15744] ERROR -- default-ubuntu-1604: C:/opscode/chef-workstation/embedded/lib/ruby/gems/2.5.0/gems/test-kitchen-1.23.2/lib/kitchen/instance.rb:381:in `block in transition_to'
E, [2019-03-11T14:37:50.696911 #15744] ERROR -- default-ubuntu-1604: C:/opscode/chef-workstation/embedded/lib/ruby/gems/2.5.0/gems/test-kitchen-1.23.2/lib/kitchen/instance.rb:380:in `each'
E, [2019-03-11T14:37:50.696973 #15744] ERROR -- default-ubuntu-1604: C:/opscode/chef-workstation/embedded/lib/ruby/gems/2.5.0/gems/test-kitchen-1.23.2/lib/kitchen/instance.rb:380:in `transition_to'
E, [2019-03-11T14:37:50.697035 #15744] ERROR -- default-ubuntu-1604: C:/opscode/chef-workstation/embedded/lib/ruby/gems/2.5.0/gems/test-kitchen-1.23.2/lib/kitchen/instance.rb:162:in `verify'
E, [2019-03-11T14:37:50.697099 #15744] ERROR -- default-ubuntu-1604: C:/opscode/chef-workstation/embedded/lib/ruby/gems/2.5.0/gems/test-kitchen-1.23.2/lib/kitchen/command.rb:197:in `public_send'
E, [2019-03-11T14:37:50.697163 #15744] ERROR -- default-ubuntu-1604: C:/opscode/chef-workstation/embedded/lib/ruby/gems/2.5.0/gems/test-kitchen-1.23.2/lib/kitchen/command.rb:197:in `run_action_in_thread'
E, [2019-03-11T14:37:50.697226 #15744] ERROR -- default-ubuntu-1604: C:/opscode/chef-workstation/embedded/lib/ruby/gems/2.5.0/gems/test-kitchen-1.23.2/lib/kitchen/command.rb:169:in `block (2 levels) in run_action'
E, [2019-03-11T14:37:50.697342 #15744] ERROR -- default-ubuntu-1604: ----End Backtrace-----
