I, [2019-03-11T14:37:00.980724 #15744]  INFO -- Kitchen: -----> Starting Kitchen (v1.23.2)
I, [2019-03-11T14:37:11.471818 #15744]  INFO -- Kitchen: -----> Setting up <default-ubuntu-1604>...
I, [2019-03-11T14:37:11.474538 #15744]  INFO -- Kitchen: -----> Verifying <default-ubuntu-1604>...
E, [2019-03-11T14:37:50.704581 #15744] ERROR -- Kitchen: ------Exception-------
E, [2019-03-11T14:37:50.704755 #15744] ERROR -- Kitchen: Class: Kitchen::ActionFailed
E, [2019-03-11T14:37:50.704843 #15744] ERROR -- Kitchen: Message: 1 actions failed.
>>>>>>     Verify failed on instance <default-ubuntu-1604>.  Please see .kitchen/logs/default-ubuntu-1604.log for more details
E, [2019-03-11T14:37:50.704934 #15744] ERROR -- Kitchen: ----------------------
E, [2019-03-11T14:37:50.705076 #15744] ERROR -- Kitchen: ------Backtrace-------
E, [2019-03-11T14:37:50.705214 #15744] ERROR -- Kitchen: C:/opscode/chef-workstation/embedded/lib/ruby/gems/2.5.0/gems/test-kitchen-1.23.2/lib/kitchen/command.rb:183:in `report_errors'
E, [2019-03-11T14:37:50.705349 #15744] ERROR -- Kitchen: C:/opscode/chef-workstation/embedded/lib/ruby/gems/2.5.0/gems/test-kitchen-1.23.2/lib/kitchen/command.rb:174:in `run_action'
E, [2019-03-11T14:37:50.705482 #15744] ERROR -- Kitchen: C:/opscode/chef-workstation/embedded/lib/ruby/gems/2.5.0/gems/test-kitchen-1.23.2/lib/kitchen/command/action.rb:36:in `block in call'
E, [2019-03-11T14:37:50.705617 #15744] ERROR -- Kitchen: C:/opscode/chef-workstation/embedded/lib/ruby/2.5.0/benchmark.rb:293:in `measure'
E, [2019-03-11T14:37:50.705755 #15744] ERROR -- Kitchen: C:/opscode/chef-workstation/embedded/lib/ruby/gems/2.5.0/gems/test-kitchen-1.23.2/lib/kitchen/command/action.rb:34:in `call'
E, [2019-03-11T14:37:50.705891 #15744] ERROR -- Kitchen: C:/opscode/chef-workstation/embedded/lib/ruby/gems/2.5.0/gems/test-kitchen-1.23.2/lib/kitchen/cli.rb:52:in `perform'
E, [2019-03-11T14:37:50.706015 #15744] ERROR -- Kitchen: C:/opscode/chef-workstation/embedded/lib/ruby/gems/2.5.0/gems/test-kitchen-1.23.2/lib/kitchen/cli.rb:193:in `block (2 levels) in <class:CLI>'
E, [2019-03-11T14:37:50.706151 #15744] ERROR -- Kitchen: C:/opscode/chef-workstation/embedded/lib/ruby/gems/2.5.0/gems/thor-0.20.0/lib/thor/command.rb:27:in `run'
E, [2019-03-11T14:37:50.706282 #15744] ERROR -- Kitchen: C:/opscode/chef-workstation/embedded/lib/ruby/gems/2.5.0/gems/thor-0.20.0/lib/thor/invocation.rb:126:in `invoke_command'
E, [2019-03-11T14:37:50.706420 #15744] ERROR -- Kitchen: C:/opscode/chef-workstation/embedded/lib/ruby/gems/2.5.0/gems/thor-0.20.0/lib/thor.rb:387:in `dispatch'
E, [2019-03-11T14:37:50.706556 #15744] ERROR -- Kitchen: C:/opscode/chef-workstation/embedded/lib/ruby/gems/2.5.0/gems/thor-0.20.0/lib/thor/base.rb:466:in `start'
E, [2019-03-11T14:37:50.706648 #15744] ERROR -- Kitchen: C:/opscode/chef-workstation/embedded/lib/ruby/gems/2.5.0/gems/test-kitchen-1.23.2/bin/kitchen:13:in `block in <top (required)>'
E, [2019-03-11T14:37:50.706738 #15744] ERROR -- Kitchen: C:/opscode/chef-workstation/embedded/lib/ruby/gems/2.5.0/gems/test-kitchen-1.23.2/lib/kitchen/errors.rb:171:in `with_friendly_errors'
E, [2019-03-11T14:37:50.706841 #15744] ERROR -- Kitchen: C:/opscode/chef-workstation/embedded/lib/ruby/gems/2.5.0/gems/test-kitchen-1.23.2/bin/kitchen:13:in `<top (required)>'
E, [2019-03-11T14:37:50.706928 #15744] ERROR -- Kitchen: C:/opscode/chef-workstation/bin/kitchen:311:in `load'
E, [2019-03-11T14:37:50.707011 #15744] ERROR -- Kitchen: C:/opscode/chef-workstation/bin/kitchen:311:in `<main>'
E, [2019-03-11T14:37:50.707096 #15744] ERROR -- Kitchen: ----End Backtrace-----
E, [2019-03-11T14:37:50.707183 #15744] ERROR -- Kitchen: -Composite Exception--
E, [2019-03-11T14:37:50.707273 #15744] ERROR -- Kitchen: Class: Kitchen::InstanceFailure
E, [2019-03-11T14:37:50.707373 #15744] ERROR -- Kitchen: Message: Verify failed on instance <default-ubuntu-1604>.  Please see .kitchen/logs/default-ubuntu-1604.log for more details
E, [2019-03-11T14:37:50.707472 #15744] ERROR -- Kitchen: ----------------------
E, [2019-03-11T14:37:50.707561 #15744] ERROR -- Kitchen: ------Backtrace-------
E, [2019-03-11T14:37:50.707740 #15744] ERROR -- Kitchen: C:/opscode/chef-workstation/embedded/lib/ruby/gems/2.5.0/gems/kitchen-inspec-0.25.0/lib/kitchen/verifier/inspec.rb:98:in `call'
E, [2019-03-11T14:37:50.707902 #15744] ERROR -- Kitchen: C:/opscode/chef-workstation/embedded/lib/ruby/gems/2.5.0/gems/test-kitchen-1.23.2/lib/kitchen/instance.rb:458:in `block in verify_action'
E, [2019-03-11T14:37:50.708072 #15744] ERROR -- Kitchen: C:/opscode/chef-workstation/embedded/lib/ruby/gems/2.5.0/gems/test-kitchen-1.23.2/lib/kitchen/instance.rb:551:in `synchronize_or_call'
E, [2019-03-11T14:37:50.708228 #15744] ERROR -- Kitchen: C:/opscode/chef-workstation/embedded/lib/ruby/gems/2.5.0/gems/test-kitchen-1.23.2/lib/kitchen/instance.rb:513:in `block in action'
E, [2019-03-11T14:37:50.708402 #15744] ERROR -- Kitchen: C:/opscode/chef-workstation/embedded/lib/ruby/2.5.0/benchmark.rb:293:in `measure'
E, [2019-03-11T14:37:50.708569 #15744] ERROR -- Kitchen: C:/opscode/chef-workstation/embedded/lib/ruby/gems/2.5.0/gems/test-kitchen-1.23.2/lib/kitchen/instance.rb:512:in `action'
E, [2019-03-11T14:37:50.708704 #15744] ERROR -- Kitchen: C:/opscode/chef-workstation/embedded/lib/ruby/gems/2.5.0/gems/test-kitchen-1.23.2/lib/kitchen/instance.rb:450:in `verify_action'
E, [2019-03-11T14:37:50.708834 #15744] ERROR -- Kitchen: C:/opscode/chef-workstation/embedded/lib/ruby/gems/2.5.0/gems/test-kitchen-1.23.2/lib/kitchen/instance.rb:382:in `block (2 levels) in transition_to'
E, [2019-03-11T14:37:50.708983 #15744] ERROR -- Kitchen: C:/opscode/chef-workstation/embedded/lib/ruby/gems/2.5.0/gems/test-kitchen-1.23.2/lib/kitchen/lifecycle_hooks.rb:45:in `run_with_hooks'
E, [2019-03-11T14:37:50.709110 #15744] ERROR -- Kitchen: C:/opscode/chef-workstation/embedded/lib/ruby/gems/2.5.0/gems/test-kitchen-1.23.2/lib/kitchen/instance.rb:381:in `block in transition_to'
E, [2019-03-11T14:37:50.709239 #15744] ERROR -- Kitchen: C:/opscode/chef-workstation/embedded/lib/ruby/gems/2.5.0/gems/test-kitchen-1.23.2/lib/kitchen/instance.rb:380:in `each'
E, [2019-03-11T14:37:50.709297 #15744] ERROR -- Kitchen: C:/opscode/chef-workstation/embedded/lib/ruby/gems/2.5.0/gems/test-kitchen-1.23.2/lib/kitchen/instance.rb:380:in `transition_to'
E, [2019-03-11T14:37:50.709357 #15744] ERROR -- Kitchen: C:/opscode/chef-workstation/embedded/lib/ruby/gems/2.5.0/gems/test-kitchen-1.23.2/lib/kitchen/instance.rb:162:in `verify'
E, [2019-03-11T14:37:50.709415 #15744] ERROR -- Kitchen: C:/opscode/chef-workstation/embedded/lib/ruby/gems/2.5.0/gems/test-kitchen-1.23.2/lib/kitchen/command.rb:197:in `public_send'
E, [2019-03-11T14:37:50.709473 #15744] ERROR -- Kitchen: C:/opscode/chef-workstation/embedded/lib/ruby/gems/2.5.0/gems/test-kitchen-1.23.2/lib/kitchen/command.rb:197:in `run_action_in_thread'
E, [2019-03-11T14:37:50.709554 #15744] ERROR -- Kitchen: C:/opscode/chef-workstation/embedded/lib/ruby/gems/2.5.0/gems/test-kitchen-1.23.2/lib/kitchen/command.rb:169:in `block (2 levels) in run_action'
E, [2019-03-11T14:37:50.709647 #15744] ERROR -- Kitchen: ----End Backtrace-----
E, [2019-03-11T14:37:50.709725 #15744] ERROR -- Kitchen: ---Nested Exception---
E, [2019-03-11T14:37:50.709827 #15744] ERROR -- Kitchen: Class: Kitchen::ActionFailed
E, [2019-03-11T14:37:50.709904 #15744] ERROR -- Kitchen: Message: Inspec Runner returns 1
E, [2019-03-11T14:37:50.709961 #15744] ERROR -- Kitchen: ----------------------
E, [2019-03-11T14:37:50.710016 #15744] ERROR -- Kitchen: ------Backtrace-------
E, [2019-03-11T14:37:50.710073 #15744] ERROR -- Kitchen: C:/opscode/chef-workstation/embedded/lib/ruby/gems/2.5.0/gems/kitchen-inspec-0.25.0/lib/kitchen/verifier/inspec.rb:98:in `call'
E, [2019-03-11T14:37:50.710130 #15744] ERROR -- Kitchen: C:/opscode/chef-workstation/embedded/lib/ruby/gems/2.5.0/gems/test-kitchen-1.23.2/lib/kitchen/instance.rb:458:in `block in verify_action'
E, [2019-03-11T14:37:50.710186 #15744] ERROR -- Kitchen: C:/opscode/chef-workstation/embedded/lib/ruby/gems/2.5.0/gems/test-kitchen-1.23.2/lib/kitchen/instance.rb:551:in `synchronize_or_call'
E, [2019-03-11T14:37:50.710244 #15744] ERROR -- Kitchen: C:/opscode/chef-workstation/embedded/lib/ruby/gems/2.5.0/gems/test-kitchen-1.23.2/lib/kitchen/instance.rb:513:in `block in action'
E, [2019-03-11T14:37:50.710304 #15744] ERROR -- Kitchen: C:/opscode/chef-workstation/embedded/lib/ruby/2.5.0/benchmark.rb:293:in `measure'
E, [2019-03-11T14:37:50.710368 #15744] ERROR -- Kitchen: C:/opscode/chef-workstation/embedded/lib/ruby/gems/2.5.0/gems/test-kitchen-1.23.2/lib/kitchen/instance.rb:512:in `action'
E, [2019-03-11T14:37:50.710430 #15744] ERROR -- Kitchen: C:/opscode/chef-workstation/embedded/lib/ruby/gems/2.5.0/gems/test-kitchen-1.23.2/lib/kitchen/instance.rb:450:in `verify_action'
E, [2019-03-11T14:37:50.710490 #15744] ERROR -- Kitchen: C:/opscode/chef-workstation/embedded/lib/ruby/gems/2.5.0/gems/test-kitchen-1.23.2/lib/kitchen/instance.rb:382:in `block (2 levels) in transition_to'
E, [2019-03-11T14:37:50.710558 #15744] ERROR -- Kitchen: C:/opscode/chef-workstation/embedded/lib/ruby/gems/2.5.0/gems/test-kitchen-1.23.2/lib/kitchen/lifecycle_hooks.rb:45:in `run_with_hooks'
E, [2019-03-11T14:37:50.710656 #15744] ERROR -- Kitchen: C:/opscode/chef-workstation/embedded/lib/ruby/gems/2.5.0/gems/test-kitchen-1.23.2/lib/kitchen/instance.rb:381:in `block in transition_to'
E, [2019-03-11T14:37:50.710741 #15744] ERROR -- Kitchen: C:/opscode/chef-workstation/embedded/lib/ruby/gems/2.5.0/gems/test-kitchen-1.23.2/lib/kitchen/instance.rb:380:in `each'
E, [2019-03-11T14:37:50.710851 #15744] ERROR -- Kitchen: C:/opscode/chef-workstation/embedded/lib/ruby/gems/2.5.0/gems/test-kitchen-1.23.2/lib/kitchen/instance.rb:380:in `transition_to'
E, [2019-03-11T14:37:50.711311 #15744] ERROR -- Kitchen: C:/opscode/chef-workstation/embedded/lib/ruby/gems/2.5.0/gems/test-kitchen-1.23.2/lib/kitchen/instance.rb:162:in `verify'
E, [2019-03-11T14:37:50.711882 #15744] ERROR -- Kitchen: C:/opscode/chef-workstation/embedded/lib/ruby/gems/2.5.0/gems/test-kitchen-1.23.2/lib/kitchen/command.rb:197:in `public_send'
E, [2019-03-11T14:37:50.711945 #15744] ERROR -- Kitchen: C:/opscode/chef-workstation/embedded/lib/ruby/gems/2.5.0/gems/test-kitchen-1.23.2/lib/kitchen/command.rb:197:in `run_action_in_thread'
E, [2019-03-11T14:37:50.712000 #15744] ERROR -- Kitchen: C:/opscode/chef-workstation/embedded/lib/ruby/gems/2.5.0/gems/test-kitchen-1.23.2/lib/kitchen/command.rb:169:in `block (2 levels) in run_action'
E, [2019-03-11T14:37:50.712055 #15744] ERROR -- Kitchen: ----End Backtrace-----
